<?xml version="1.0" encoding="UTF-8"?>
<testsuite name="starter.graphical.AppTest" tests="1" skipped="0" failures="0" errors="0" timestamp="2020-10-22T21:55:00" hostname="Jasons-MacBook-Pro-3.local" time="0.001">
  <properties/>
  <testcase name="testAppHasAGreeting" classname="starter.graphical.AppTest" time="0.001"/>
  <system-out><![CDATA[]]></system-out>
  <system-err><![CDATA[]]></system-err>
</testsuite>
